<?xml version="1.0" encoding="UTF-8"?>
<!-- Generated by org.testng.reporters.JUnitReportReporter -->
<testsuite hostname="Rathish-PC" name="testrun.cucumberrun" tests="1" failures="0" timestamp="13 Jun 2019 04:16:47 GMT" time="86.180" errors="0">
  <testcase name="feature" time="86.180" classname="testrun.cucumberrun"/>
</testsuite> <!-- testrun.cucumberrun -->
